11-06 10:35:50 com_github_MitjaNemec_PlaceFootprints.action_place_footprints 674:Plugin executed on: 'win32'
11-06 10:35:50 com_github_MitjaNemec_PlaceFootprints.action_place_footprints 675:Plugin executed with python version: '3.11.5 (main, Sep 17 2025, 01:04:48) [MSC v.1944 64 bit (AMD64)]'
11-06 10:35:50 com_github_MitjaNemec_PlaceFootprints.action_place_footprints 676:KiCad build version: 9.0.5
11-06 10:35:50 com_github_MitjaNemec_PlaceFootprints.action_place_footprints 677:Plugin version: 4.0.1
11-06 10:35:50 com_github_MitjaNemec_PlaceFootprints.action_place_footprints 678:Frame repr: <wx._core.Frame object at 0x0000019F3E42C4C0>
11-06 10:35:50 com_github_MitjaNemec_PlaceFootprints.place_footprints 121:getting a list of all footprints on board
11-06 10:35:50 com_github_MitjaNemec_PlaceFootprints.place_footprints 156:Footprint U29 on root level
11-06 10:35:50 com_github_MitjaNemec_PlaceFootprints.place_footprints 156:Footprint U28 on root level
11-06 10:35:50 com_github_MitjaNemec_PlaceFootprints.place_footprints 156:Footprint U27 on root level
11-06 10:35:50 com_github_MitjaNemec_PlaceFootprints.place_footprints 156:Footprint U26 on root level
11-06 10:35:50 com_github_MitjaNemec_PlaceFootprints.place_footprints 156:Footprint U25 on root level
11-06 10:35:50 com_github_MitjaNemec_PlaceFootprints.place_footprints 156:Footprint U24 on root level
11-06 10:35:50 com_github_MitjaNemec_PlaceFootprints.place_footprints 156:Footprint U23 on root level
11-06 10:35:50 com_github_MitjaNemec_PlaceFootprints.place_footprints 156:Footprint U22 on root level
11-06 10:35:50 com_github_MitjaNemec_PlaceFootprints.place_footprints 156:Footprint U21 on root level
11-06 10:35:50 com_github_MitjaNemec_PlaceFootprints.place_footprints 156:Footprint U7 on root level
11-06 10:35:50 com_github_MitjaNemec_PlaceFootprints.place_footprints 156:Footprint U20 on root level
11-06 10:35:50 com_github_MitjaNemec_PlaceFootprints.place_footprints 156:Footprint Q1 on root level
11-06 10:35:50 com_github_MitjaNemec_PlaceFootprints.place_footprints 156:Footprint D5 on root level
11-06 10:35:50 com_github_MitjaNemec_PlaceFootprints.place_footprints 156:Footprint C9 on root level
11-06 10:35:50 com_github_MitjaNemec_PlaceFootprints.place_footprints 156:Footprint C7 on root level
11-06 10:35:50 com_github_MitjaNemec_PlaceFootprints.place_footprints 156:Footprint C8 on root level
11-06 10:35:50 com_github_MitjaNemec_PlaceFootprints.place_footprints 156:Footprint C10 on root level
11-06 10:35:50 com_github_MitjaNemec_PlaceFootprints.place_footprints 156:Footprint R8 on root level
11-06 10:35:50 com_github_MitjaNemec_PlaceFootprints.place_footprints 156:Footprint R7 on root level
11-06 10:35:50 com_github_MitjaNemec_PlaceFootprints.place_footprints 156:Footprint C15 on root level
11-06 10:35:50 com_github_MitjaNemec_PlaceFootprints.place_footprints 156:Footprint C14 on root level
11-06 10:35:50 com_github_MitjaNemec_PlaceFootprints.place_footprints 156:Footprint C13 on root level
11-06 10:35:50 com_github_MitjaNemec_PlaceFootprints.place_footprints 156:Footprint C12 on root level
11-06 10:35:50 com_github_MitjaNemec_PlaceFootprints.place_footprints 156:Footprint C11 on root level
11-06 10:35:50 com_github_MitjaNemec_PlaceFootprints.place_footprints 156:Footprint C6 on root level
11-06 10:35:50 com_github_MitjaNemec_PlaceFootprints.place_footprints 156:Footprint U19 on root level
11-06 10:35:50 com_github_MitjaNemec_PlaceFootprints.place_footprints 156:Footprint U18 on root level
11-06 10:35:50 com_github_MitjaNemec_PlaceFootprints.place_footprints 156:Footprint U17 on root level
11-06 10:35:50 com_github_MitjaNemec_PlaceFootprints.place_footprints 156:Footprint U16 on root level
11-06 10:35:50 com_github_MitjaNemec_PlaceFootprints.place_footprints 156:Footprint U15 on root level
11-06 10:35:50 com_github_MitjaNemec_PlaceFootprints.place_footprints 156:Footprint U14 on root level
11-06 10:35:50 com_github_MitjaNemec_PlaceFootprints.place_footprints 156:Footprint U13 on root level
11-06 10:35:50 com_github_MitjaNemec_PlaceFootprints.place_footprints 156:Footprint U12 on root level
11-06 10:35:50 com_github_MitjaNemec_PlaceFootprints.place_footprints 156:Footprint U11 on root level
11-06 10:35:50 com_github_MitjaNemec_PlaceFootprints.place_footprints 156:Footprint U10 on root level
11-06 10:35:50 com_github_MitjaNemec_PlaceFootprints.place_footprints 156:Footprint U9 on root level
11-06 10:35:50 com_github_MitjaNemec_PlaceFootprints.place_footprints 156:Footprint U8 on root level
11-06 10:35:50 com_github_MitjaNemec_PlaceFootprints.place_footprints 156:Footprint U6 on root level
11-06 10:35:50 com_github_MitjaNemec_PlaceFootprints.place_footprints 156:Footprint U5 on root level
11-06 10:35:50 com_github_MitjaNemec_PlaceFootprints.place_footprints 156:Footprint U4 on root level
11-06 10:35:50 com_github_MitjaNemec_PlaceFootprints.place_footprints 156:Footprint U3 on root level
11-06 10:35:50 com_github_MitjaNemec_PlaceFootprints.place_footprints 156:Footprint U2 on root level
11-06 10:35:50 com_github_MitjaNemec_PlaceFootprints.place_footprints 156:Footprint U1 on root level
11-06 10:35:50 com_github_MitjaNemec_PlaceFootprints.place_footprints 156:Footprint R6 on root level
11-06 10:35:50 com_github_MitjaNemec_PlaceFootprints.place_footprints 156:Footprint R5 on root level
11-06 10:35:50 com_github_MitjaNemec_PlaceFootprints.place_footprints 156:Footprint R4 on root level
11-06 10:35:50 com_github_MitjaNemec_PlaceFootprints.place_footprints 156:Footprint R3 on root level
11-06 10:35:50 com_github_MitjaNemec_PlaceFootprints.place_footprints 156:Footprint R2 on root level
11-06 10:35:50 com_github_MitjaNemec_PlaceFootprints.place_footprints 156:Footprint R1 on root level
11-06 10:35:50 com_github_MitjaNemec_PlaceFootprints.place_footprints 156:Footprint L6 on root level
11-06 10:35:50 com_github_MitjaNemec_PlaceFootprints.place_footprints 156:Footprint L5 on root level
11-06 10:35:50 com_github_MitjaNemec_PlaceFootprints.place_footprints 156:Footprint L4 on root level
11-06 10:35:50 com_github_MitjaNemec_PlaceFootprints.place_footprints 156:Footprint L3 on root level
11-06 10:35:50 com_github_MitjaNemec_PlaceFootprints.place_footprints 156:Footprint L2 on root level
11-06 10:35:50 com_github_MitjaNemec_PlaceFootprints.place_footprints 156:Footprint L1 on root level
11-06 10:35:50 com_github_MitjaNemec_PlaceFootprints.place_footprints 156:Footprint D4 on root level
11-06 10:35:50 com_github_MitjaNemec_PlaceFootprints.place_footprints 156:Footprint D3 on root level
11-06 10:35:50 com_github_MitjaNemec_PlaceFootprints.place_footprints 156:Footprint D2 on root level
11-06 10:35:50 com_github_MitjaNemec_PlaceFootprints.place_footprints 156:Footprint D1 on root level
11-06 10:35:50 com_github_MitjaNemec_PlaceFootprints.action_place_footprints 717:Reference footprint='U1'
11-06 10:35:53 com_github_MitjaNemec_PlaceFootprints.action_place_footprints 858:Reference designator is: U
11-06 10:35:53 com_github_MitjaNemec_PlaceFootprints.action_place_footprints 859:Reference number is: 1
11-06 10:35:53 com_github_MitjaNemec_PlaceFootprints.action_place_footprints 891:Sorted and filtered list:
['U1', 'U2', 'U3', 'U4', 'U5', 'U6', 'U7', 'U8', 'U9', 'U10', 'U11', 'U12', 'U13', 'U14', 'U15', 'U16', 'U17', 'U18', 'U19', 'U20', 'U21', 'U22', 'U23', 'U24', 'U25', 'U26', 'U27', 'U28', 'U29']
11-06 10:35:53 com_github_MitjaNemec_PlaceFootprints.action_place_footprints 376:wx.Colour(240, 240, 240, 255)
